#
# There is insufficient memory for the Java Runtime Environment to continue.
# Native memory allocation (malloc) failed to allocate 1752928 bytes for Chunk::new
# Possible reasons:
#   The system is out of physical RAM or swap space
#   In 32 bit mode, the process size limit was hit
# Possible solutions:
#   Reduce memory load on the system
#   Increase physical memory or swap space
#   Check if swap backing store is full
#   Use 64 bit Java on a 64 bit OS
#   Decrease Java heap size (-Xmx/-Xms)
#   Decrease number of Java threads
#   Decrease Java thread stack sizes (-Xss)
#   Set larger code cache with -XX:ReservedCodeCacheSize=
# This output file may be truncated or incomplete.
#
#  Out of Memory Error (allocation.cpp:390), pid=7840, tid=0x0000000000001d9c
#
# JRE version: Java(TM) SE Runtime Environment (8.0_131-b11) (build 1.8.0_131-b11)
# Java VM: Java HotSpot(TM) 64-Bit Server VM (25.131-b11 mixed mode windows-amd64 compressed oops)
# Failed to write core dump. Minidumps are not enabled by default on client versions of Windows
#

---------------  T H R E A D  ---------------

Current thread (0x0000000019640800):  JavaThread "C2 CompilerThread0" daemon [_thread_in_native, id=7580, stack(0x000000001ada0000,0x000000001aea0000)]

Stack: [0x000000001ada0000,0x000000001aea0000]
[error occurred during error reporting (printing stack bounds), id 0xc0000005]

Native frames: (J=compiled Java code, j=interpreted, Vv=VM code, C=native code)


Current CompileTask:
C2:   2236 1609       4       java.net.URLClassLoader$1::run (5 bytes)


---------------  P R O C E S S  ---------------

Java Threads: ( => current thread )
  0x000000001c452800 JavaThread "background-preinit" [_thread_in_Java, id=6020, stack(0x000000001d5b0000,0x000000001d6b0000)]
  0x000000001b20d800 JavaThread "surefire-forkedjvm-ping-30s" daemon [_thread_in_native, id=10648, stack(0x000000001b7a0000,0x000000001b8a0000)]
  0x000000001b199000 JavaThread "surefire-forkedjvm-command-thread" daemon [_thread_in_native, id=12092, stack(0x000000001b6a0000,0x000000001b7a0000)]
  0x000000001b0c8800 JavaThread "Service Thread" daemon [_thread_blocked, id=12264, stack(0x000000001b4a0000,0x000000001b5a0000)]
  0x0000000019646000 JavaThread "C1 CompilerThread2" daemon [_thread_blocked, id=15608, stack(0x000000001afa0000,0x000000001b0a0000)]
  0x0000000019643000 JavaThread "C2 CompilerThread1" daemon [_thread_in_native, id=9324, stack(0x000000001aea0000,0x000000001afa0000)]
=>0x0000000019640800 JavaThread "C2 CompilerThread0" daemon [_thread_in_native, id=7580, stack(0x000000001ada0000,0x000000001aea0000)]
  0x000000001963d000 JavaThread "Attach Listener" daemon [_thread_blocked, id=13604, stack(0x000000001aca0000,0x000000001ada0000)]
  0x000000001963c000 JavaThread "Signal Dispatcher" daemon [_thread_blocked, id=10440, stack(0x000000001aba0000,0x000000001aca0000)]
  0x000000001962a800 JavaThread "Finalizer" daemon [_thread_blocked, id=2348, stack(0x000000001a8b0000,0x000000001a9b0000)]
  0x0000000004a3f800 JavaThread "Reference Handler" daemon [_thread_blocked, id=9552, stack(0x000000001a7b0000,0x000000001a8b0000)]
  0x0000000004951000 JavaThread "main" [_thread_in_vm, id=15708, stack(0x00000000047d0000,0x00000000048d0000)]

Other Threads:
  0x0000000019608000 VMThread [stack: 0x000000001a6b0000,0x000000001a7b0000] [id=11500]
  0x000000001b0fc000 WatcherThread [stack: 0x000000001b5a0000,0x000000001b6a0000] [id=13960]

VM state:not at safepoint (normal execution)

VM Mutex/Monitor currently owned by a thread: None

Heap:
 PSYoungGen      total 38400K, used 8267K [0x00000000d5700000, 0x00000000d8180000, 0x0000000100000000)
  eden space 33280K, 11% used [0x00000000d5700000,0x00000000d5ab0f50,0x00000000d7780000)
  from space 5120K, 87% used [0x00000000d7c80000,0x00000000d80e1fc8,0x00000000d8180000)
  to   space 5120K, 0% used [0x00000000d7780000,0x00000000d7780000,0x00000000d7c80000)
 ParOldGen       total 51712K, used 6435K [0x0000000080400000, 0x0000000083680000, 0x00000000d5700000)
  object space 51712K, 12% used [0x0000000080400000,0x0000000080a48e98,0x0000000083680000)
 Metaspace       used 26612K, capacity 27370K, committed 27520K, reserved 1073152K
  class space    used 3417K, capacity 3610K, committed 3712K, reserved 1048576K

Card table byte_map: [0x0000000013e10000,0x0000000014210000] byte_map_base: 0x0000000013a0e000

Marking Bits: (ParMarkBitMap*) 0x000000006179c720
 Begin Bits: [0x00000000148c0000, 0x00000000168b0000)
 End Bits:   [0x00000000168b0000, 0x00000000188a0000)

Polling page: 0x0000000004750000

CodeCache: size=245760Kb used=7831Kb max_used=7831Kb free=237928Kb
 bounds [0x0000000004a50000, 0x0000000005200000, 0x0000000013a50000]
 total_blobs=2585 nmethods=2182 adapters=315
 compilation: enabled

Compilation events (10 events):
Event: 2.159 Thread 0x0000000019646000 2119       3       org.springframework.beans.factory.support.AbstractBeanFactory::getMergedBeanDefinition (44 bytes)
Event: 2.160 Thread 0x0000000019646000 nmethod 2119 0x00000000051c6290 code [0x00000000051c64c0, 0x00000000051c7528]
Event: 2.160 Thread 0x0000000019646000 2117       3       org.springframework.boot.autoconfigure.condition.ConditionMessage$Builder::<init> (7 bytes)
Event: 2.160 Thread 0x0000000019646000 nmethod 2117 0x00000000051c79d0 code [0x00000000051c7b40, 0x00000000051c7d70]
Event: 2.160 Thread 0x0000000019646000 2118       3       org.springframework.boot.autoconfigure.condition.ConditionMessage$Builder::<init> (15 bytes)
Event: 2.160 Thread 0x0000000019646000 nmethod 2118 0x00000000051c7e50 code [0x00000000051c7fa0, 0x00000000051c8170]
Event: 2.160 Thread 0x0000000019646000 2120       3       org.apache.tomcat.util.digester.Rule::finish (1 bytes)
Event: 2.160 Thread 0x0000000019646000 nmethod 2120 0x00000000051c8210 code [0x00000000051c8360, 0x00000000051c84b0]
Event: 2.167 Thread 0x0000000019646000 2122       3       org.springframework.context.annotation.AnnotationConfigUtils::attributesFor (9 bytes)
Event: 2.168 Thread 0x0000000019646000 nmethod 2122 0x00000000051c88d0 code [0x00000000051c8ac0, 0x00000000051c94c8]

GC Heap History (10 events):
Event: 1.587 GC heap before
{Heap before GC invocations=5 (full 0):
 PSYoungGen      total 38400K, used 20939K [0x00000000d5700000, 0x00000000d8180000, 0x0000000100000000)
  eden space 33280K, 47% used [0x00000000d5700000,0x00000000d667a590,0x00000000d7780000)
  from space 5120K, 99% used [0x00000000d7c80000,0x00000000d8178920,0x00000000d8180000)
  to   space 5120K, 0% used [0x00000000d7780000,0x00000000d7780000,0x00000000d7c80000)
 ParOldGen       total 87552K, used 2728K [0x0000000080400000, 0x0000000085980000, 0x00000000d5700000)
  object space 87552K, 3% used [0x0000000080400000,0x00000000806aa130,0x0000000085980000)
 Metaspace       used 20615K, capacity 21122K, committed 21296K, reserved 1067008K
  class space    used 2674K, capacity 2830K, committed 2944K, reserved 1048576K
Event: 1.593 GC heap after
Heap after GC invocations=5 (full 0):
 PSYoungGen      total 38400K, used 5112K [0x00000000d5700000, 0x00000000d8180000, 0x0000000100000000)
  eden space 33280K, 0% used [0x00000000d5700000,0x00000000d5700000,0x00000000d7780000)
  from space 5120K, 99% used [0x00000000d7780000,0x00000000d7c7e1e8,0x00000000d7c80000)
  to   space 5120K, 0% used [0x00000000d7c80000,0x00000000d7c80000,0x00000000d8180000)
 ParOldGen       total 87552K, used 4137K [0x0000000080400000, 0x0000000085980000, 0x00000000d5700000)
  object space 87552K, 4% used [0x0000000080400000,0x000000008080a400,0x0000000085980000)
 Metaspace       used 20615K, capacity 21122K, committed 21296K, reserved 1067008K
  class space    used 2674K, capacity 2830K, committed 2944K, reserved 1048576K
}
Event: 1.593 GC heap before
{Heap before GC invocations=6 (full 1):
 PSYoungGen      total 38400K, used 5112K [0x00000000d5700000, 0x00000000d8180000, 0x0000000100000000)
  eden space 33280K, 0% used [0x00000000d5700000,0x00000000d5700000,0x00000000d7780000)
  from space 5120K, 99% used [0x00000000d7780000,0x00000000d7c7e1e8,0x00000000d7c80000)
  to   space 5120K, 0% used [0x00000000d7c80000,0x00000000d7c80000,0x00000000d8180000)
 ParOldGen       total 87552K, used 4137K [0x0000000080400000, 0x0000000085980000, 0x00000000d5700000)
  object space 87552K, 4% used [0x0000000080400000,0x000000008080a400,0x0000000085980000)
 Metaspace       used 20615K, capacity 21122K, committed 21296K, reserved 1067008K
  class space    used 2674K, capacity 2830K, committed 2944K, reserved 1048576K
Event: 1.618 GC heap after
Heap after GC invocations=6 (full 1):
 PSYoungGen      total 38400K, used 0K [0x00000000d5700000, 0x00000000d8180000, 0x0000000100000000)
  eden space 33280K, 0% used [0x00000000d5700000,0x00000000d5700000,0x00000000d7780000)
  from space 5120K, 0% used [0x00000000d7780000,0x00000000d7780000,0x00000000d7c80000)
  to   space 5120K, 0% used [0x00000000d7c80000,0x00000000d7c80000,0x00000000d8180000)
 ParOldGen       total 51712K, used 6355K [0x0000000080400000, 0x0000000083680000, 0x00000000d5700000)
  object space 51712K, 12% used [0x0000000080400000,0x0000000080a34e88,0x0000000083680000)
 Metaspace       used 20615K, capacity 21122K, committed 21296K, reserved 1067008K
  class space    used 2674K, capacity 2830K, committed 2944K, reserved 1048576K
}
Event: 1.841 GC heap before
{Heap before GC invocations=7 (full 1):
 PSYoungGen      total 38400K, used 33280K [0x00000000d5700000, 0x00000000d8180000, 0x0000000100000000)
  eden space 33280K, 100% used [0x00000000d5700000,0x00000000d7780000,0x00000000d7780000)
  from space 5120K, 0% used [0x00000000d7780000,0x00000000d7780000,0x00000000d7c80000)
  to   space 5120K, 0% used [0x00000000d7c80000,0x00000000d7c80000,0x00000000d8180000)
 ParOldGen       total 51712K, used 6355K [0x0000000080400000, 0x0000000083680000, 0x00000000d5700000)
  object space 51712K, 12% used [0x0000000080400000,0x0000000080a34e88,0x0000000083680000)
 Metaspace       used 23056K, capacity 23632K, committed 23936K, reserved 1071104K
  class space    used 2974K, capacity 3141K, committed 3200K, reserved 1048576K
Event: 1.846 GC heap after
Heap after GC invocations=7 (full 1):
 PSYoungGen      total 38400K, used 4008K [0x00000000d5700000, 0x00000000d8180000, 0x0000000100000000)
  eden space 33280K, 0% used [0x00000000d5700000,0x00000000d5700000,0x00000000d7780000)
  from space 5120K, 78% used [0x00000000d7c80000,0x00000000d806a008,0x00000000d8180000)
  to   space 5120K, 0% used [0x00000000d7780000,0x00000000d7780000,0x00000000d7c80000)
 ParOldGen       total 51712K, used 6363K [0x0000000080400000, 0x0000000083680000, 0x00000000d5700000)
  object space 51712K, 12% used [0x0000000080400000,0x0000000080a36e88,0x0000000083680000)
 Metaspace       used 23056K, capacity 23632K, committed 23936K, reserved 1071104K
  class space    used 2974K, capacity 3141K, committed 3200K, reserved 1048576K
}
Event: 1.871 GC heap before
{Heap before GC invocations=8 (full 1):
 PSYoungGen      total 38400K, used 37231K [0x00000000d5700000, 0x00000000d8180000, 0x0000000100000000)
  eden space 33280K, 99% used [0x00000000d5700000,0x00000000d7771d78,0x00000000d7780000)
  from space 5120K, 78% used [0x00000000d7c80000,0x00000000d806a008,0x00000000d8180000)
  to   space 5120K, 0% used [0x00000000d7780000,0x00000000d7780000,0x00000000d7c80000)
 ParOldGen       total 51712K, used 6363K [0x0000000080400000, 0x0000000083680000, 0x00000000d5700000)
  object space 51712K, 12% used [0x0000000080400000,0x0000000080a36e88,0x0000000083680000)
 Metaspace       used 23175K, capacity 23804K, committed 23936K, reserved 1071104K
  class space    used 2994K, capacity 3175K, committed 3200K, reserved 1048576K
Event: 1.874 GC heap after
Heap after GC invocations=8 (full 1):
 PSYoungGen      total 38400K, used 1555K [0x00000000d5700000, 0x00000000d8180000, 0x0000000100000000)
  eden space 33280K, 0% used [0x00000000d5700000,0x00000000d5700000,0x00000000d7780000)
  from space 5120K, 30% used [0x00000000d7780000,0x00000000d7904c60,0x00000000d7c80000)
  to   space 5120K, 0% used [0x00000000d7c80000,0x00000000d7c80000,0x00000000d8180000)
 ParOldGen       total 51712K, used 6363K [0x0000000080400000, 0x0000000083680000, 0x00000000d5700000)
  object space 51712K, 12% used [0x0000000080400000,0x0000000080a36e88,0x0000000083680000)
 Metaspace       used 23175K, capacity 23804K, committed 23936K, reserved 1071104K
  class space    used 2994K, capacity 3175K, committed 3200K, reserved 1048576K
}
Event: 2.169 GC heap before
{Heap before GC invocations=9 (full 1):
 PSYoungGen      total 38400K, used 34835K [0x00000000d5700000, 0x00000000d8180000, 0x0000000100000000)
  eden space 33280K, 100% used [0x00000000d5700000,0x00000000d7780000,0x00000000d7780000)
  from space 5120K, 30% used [0x00000000d7780000,0x00000000d7904c60,0x00000000d7c80000)
  to   space 5120K, 0% used [0x00000000d7c80000,0x00000000d7c80000,0x00000000d8180000)
 ParOldGen       total 51712K, used 6363K [0x0000000080400000, 0x0000000083680000, 0x00000000d5700000)
  object space 51712K, 12% used [0x0000000080400000,0x0000000080a36e88,0x0000000083680000)
 Metaspace       used 25655K, capacity 26404K, committed 26624K, reserved 1073152K
  class space    used 3291K, capacity 3481K, committed 3584K, reserved 1048576K
Event: 2.184 GC heap after
Heap after GC invocations=9 (full 1):
 PSYoungGen      total 38400K, used 4487K [0x00000000d5700000, 0x00000000d8180000, 0x0000000100000000)
  eden space 33280K, 0% used [0x00000000d5700000,0x00000000d5700000,0x00000000d7780000)
  from space 5120K, 87% used [0x00000000d7c80000,0x00000000d80e1fc8,0x00000000d8180000)
  to   space 5120K, 0% used [0x00000000d7780000,0x00000000d7780000,0x00000000d7c80000)
 ParOldGen       total 51712K, used 6435K [0x0000000080400000, 0x0000000083680000, 0x00000000d5700000)
  object space 51712K, 12% used [0x0000000080400000,0x0000000080a48e98,0x0000000083680000)
 Metaspace       used 25655K, capacity 26404K, committed 26624K, reserved 1073152K
  class space    used 3291K, capacity 3481K, committed 3584K, reserved 1048576K
}

Deoptimization events (10 events):
Event: 1.785 Thread 0x0000000004951000 Uncommon trap: reason=unstable_if action=reinterpret pc=0x0000000004e540a0 method=org.springframework.boot.context.properties.source.ConfigurationPropertyName$ElementsParser.isValidChar(CI)Z @ 21
Event: 1.796 Thread 0x0000000004951000 Uncommon trap: reason=unstable_if action=reinterpret pc=0x0000000004e7caf4 method=java.util.concurrent.ConcurrentHashMap.putVal(Ljava/lang/Object;Ljava/lang/Object;Z)Ljava/lang/Object; @ 113
Event: 1.796 Thread 0x0000000004951000 Uncommon trap: reason=unstable_if action=reinterpret pc=0x0000000004ed4230 method=java.util.concurrent.ConcurrentHashMap.transfer([Ljava/util/concurrent/ConcurrentHashMap$Node;[Ljava/util/concurrent/ConcurrentHashMap$Node;)V @ 34
Event: 1.796 Thread 0x000000001c452800 Uncommon trap: reason=unstable_if action=reinterpret pc=0x0000000004ed4260 method=java.util.concurrent.ConcurrentHashMap.transfer([Ljava/util/concurrent/ConcurrentHashMap$Node;[Ljava/util/concurrent/ConcurrentHashMap$Node;)V @ 277
Event: 1.796 Thread 0x000000001c452800 Uncommon trap: reason=unstable_if action=reinterpret pc=0x0000000004e7cc38 method=java.util.concurrent.ConcurrentHashMap.addCount(JI)V @ 168
Event: 1.886 Thread 0x000000001c452800 Uncommon trap: reason=unstable_if action=reinterpret pc=0x0000000004ed06e8 method=jdk.internal.org.objectweb.asm.Type.getArgumentsAndReturnSizes(Ljava/lang/String;)I @ 47
Event: 1.966 Thread 0x0000000004951000 Uncommon trap: reason=unstable_if action=reinterpret pc=0x00000000050737e0 method=org.springframework.boot.context.properties.source.ConfigurationPropertyName$ElementsParser.isAlphaNumeric(C)Z @ 11
Event: 2.050 Thread 0x000000001c452800 Uncommon trap: reason=unstable_if action=reinterpret pc=0x00000000050dbb8c method=com.sun.org.apache.xerces.internal.impl.XMLEntityScanner.scanLiteral(ILcom/sun/org/apache/xerces/internal/xni/XMLString;Z)I @ 570
Event: 2.125 Thread 0x000000001c452800 Uncommon trap: reason=unstable_if action=reinterpret pc=0x000000000515165c method=com.sun.org.apache.xerces.internal.impl.XMLEntityScanner.skipSpaces()Z @ 125
Event: 2.147 Thread 0x000000001c452800 Uncommon trap: reason=unstable_if action=reinterpret pc=0x00000000051a16f8 method=com.sun.org.apache.xerces.internal.util.SymbolTable.addSymbol([CII)Ljava/lang/String; @ 38

Internal exceptions (10 events):
Event: 1.481 Thread 0x0000000004951000 Exception <a 'java/lang/ClassNotFoundException': org/springframework/core/PriorityOrderedCustomizer> (0x00000000d71b82d0) thrown at [C:\re\workspace\8-2-build-windows-amd64-cygwin\jdk8u131\8869\hotspot\src\share\vm\classfile\systemDictionary.cpp, line 210
Event: 1.482 Thread 0x0000000004951000 Exception <a 'java/lang/ClassNotFoundException': org/springframework/core/OrderedCustomizer> (0x00000000d71cbf88) thrown at [C:\re\workspace\8-2-build-windows-amd64-cygwin\jdk8u131\8869\hotspot\src\share\vm\classfile\systemDictionary.cpp, line 210]
Event: 1.482 Thread 0x0000000004951000 Exception <a 'java/lang/ClassNotFoundException': org/springframework/context/ResourceLoaderAwareCustomizer> (0x00000000d71e4e48) thrown at [C:\re\workspace\8-2-build-windows-amd64-cygwin\jdk8u131\8869\hotspot\src\share\vm\classfile\systemDictionary.cpp, l
Event: 1.482 Thread 0x0000000004951000 Exception <a 'java/lang/ClassNotFoundException': org/springframework/beans/factory/AwareCustomizer> (0x00000000d71fbec0) thrown at [C:\re\workspace\8-2-build-windows-amd64-cygwin\jdk8u131\8869\hotspot\src\share\vm\classfile\systemDictionary.cpp, line 210]
Event: 1.483 Thread 0x0000000004951000 Exception <a 'java/lang/ClassNotFoundException': org/springframework/beans/factory/BeanClassLoaderAwareCustomizer> (0x00000000d7216280) thrown at [C:\re\workspace\8-2-build-windows-amd64-cygwin\jdk8u131\8869\hotspot\src\share\vm\classfile\systemDictionary
Event: 1.483 Thread 0x0000000004951000 Exception <a 'java/lang/ClassNotFoundException': org/springframework/beans/factory/AwareCustomizer> (0x00000000d722d2d8) thrown at [C:\re\workspace\8-2-build-windows-amd64-cygwin\jdk8u131\8869\hotspot\src\share\vm\classfile\systemDictionary.cpp, line 210]
Event: 1.483 Thread 0x0000000004951000 Exception <a 'java/lang/ClassNotFoundException': org/springframework/context/EnvironmentAwareCustomizer> (0x00000000d7244858) thrown at [C:\re\workspace\8-2-build-windows-amd64-cygwin\jdk8u131\8869\hotspot\src\share\vm\classfile\systemDictionary.cpp, line
Event: 1.484 Thread 0x0000000004951000 Exception <a 'java/lang/ClassNotFoundException': org/springframework/beans/factory/AwareCustomizer> (0x00000000d725b790) thrown at [C:\re\workspace\8-2-build-windows-amd64-cygwin\jdk8u131\8869\hotspot\src\share\vm\classfile\systemDictionary.cpp, line 210]
Event: 1.625 Thread 0x0000000004951000 Exception <a 'java/lang/IncompatibleClassChangeError': Found class java.lang.Object, but interface was expected> (0x00000000d5859f40) thrown at [C:\re\workspace\8-2-build-windows-amd64-cygwin\jdk8u131\8869\hotspot\src\share\vm\interpreter\linkResolver.cpp
Event: 1.891 Thread 0x000000001c452800 Exception <a 'java/lang/IncompatibleClassChangeError': Found class java.lang.Object, but interface was expected> (0x00000000d5b9aaa8) thrown at [C:\re\workspace\8-2-build-windows-amd64-cygwin\jdk8u131\8869\hotspot\src\share\vm\interpreter\linkResolver.cpp

Events (10 events):
Event: 2.185 loading class javax/management/ImmutableDescriptor
Event: 2.186 loading class javax/management/Descriptor
Event: 2.186 loading class javax/management/Descriptor done
Event: 2.186 loading class javax/management/ImmutableDescriptor done
Event: 2.186 loading class java/util/TreeMap$EntrySet
Event: 2.186 loading class java/util/TreeMap$EntrySet done
Event: 2.186 loading class java/util/TreeMap$EntryIterator
Event: 2.186 loading class java/util/TreeMap$EntryIterator done
Event: 2.186 loading class com/sun/jmx/mbeanserver/ClassLoaderRepositorySupport
Event: 2.186 loading class com/sun/jmx/mbeanserver/ModifiableClassLoaderRepository


Dynamic libraries:
0x00007ff779230000 - 0x00007ff779267000 	C:\Program Files\Java\jdk1.8.0_131\jre\bin\java.exe
0x00007fff04ef0000 - 0x00007fff050d0000 	C:\WINDOWS\SYSTEM32\ntdll.dll
0x00007fff046e0000 - 0x00007fff0478e000 	C:\WINDOWS\System32\KERNEL32.DLL
0x00007fff014c0000 - 0x00007fff01726000 	C:\WINDOWS\System32\KERNELBASE.dll
0x00007fff04630000 - 0x00007fff046d1000 	C:\WINDOWS\System32\ADVAPI32.dll
0x00007fff024e0000 - 0x00007fff0257d000 	C:\WINDOWS\System32\msvcrt.dll
0x00007fff03d60000 - 0x00007fff03dbb000 	C:\WINDOWS\System32\sechost.dll
0x00007fff04310000 - 0x00007fff0442f000 	C:\WINDOWS\System32\RPCRT4.dll
0x00007fff025a0000 - 0x00007fff0272f000 	C:\WINDOWS\System32\USER32.dll
0x00007fff02180000 - 0x00007fff021a0000 	C:\WINDOWS\System32\win32u.dll
0x00007fff04210000 - 0x00007fff04238000 	C:\WINDOWS\System32\GDI32.dll
0x00007fff012c0000 - 0x00007fff01453000 	C:\WINDOWS\System32\gdi32full.dll
0x00007fff021a0000 - 0x00007fff0223b000 	C:\WINDOWS\System32\msvcp_win.dll
0x00007fff02290000 - 0x00007fff02386000 	C:\WINDOWS\System32\ucrtbase.dll
0x00007ffefd170000 - 0x00007ffefd3d9000 	C:\WINDOWS\WinSxS\amd64_microsoft.windows.common-controls_6595b64144ccf1df_6.0.16299.431_none_15c7d3ee93659e73\COMCTL32.dll
0x00007fff04b70000 - 0x00007fff04e78000 	C:\WINDOWS\System32\combase.dll
0x00007fff019b0000 - 0x00007fff01a22000 	C:\WINDOWS\System32\bcryptPrimitives.dll
0x00007fff024b0000 - 0x00007fff024dd000 	C:\WINDOWS\System32\IMM32.DLL
0x0000000061820000 - 0x00000000618f2000 	C:\Program Files\Java\jdk1.8.0_131\jre\bin\msvcr100.dll
0x0000000060f80000 - 0x000000006181c000 	C:\Program Files\Java\jdk1.8.0_131\jre\bin\server\jvm.dll
0x00007fff02390000 - 0x00007fff02398000 	C:\WINDOWS\System32\PSAPI.DLL
0x00007ffeff290000 - 0x00007ffeff2b3000 	C:\WINDOWS\SYSTEM32\WINMM.dll
0x00007ffeef020000 - 0x00007ffeef029000 	C:\WINDOWS\SYSTEM32\WSOCK32.dll
0x00007ffefd3f0000 - 0x00007ffefd3fa000 	C:\WINDOWS\SYSTEM32\VERSION.dll
0x00007fff04b00000 - 0x00007fff04b6c000 	C:\WINDOWS\System32\WS2_32.dll
0x00007ffeff230000 - 0x00007ffeff25a000 	C:\WINDOWS\SYSTEM32\WINMMBASE.dll
0x00007fff02240000 - 0x00007fff0228a000 	C:\WINDOWS\System32\cfgmgr32.dll
0x0000000060f70000 - 0x0000000060f7f000 	C:\Program Files\Java\jdk1.8.0_131\jre\bin\verify.dll
0x0000000060f40000 - 0x0000000060f69000 	C:\Program Files\Java\jdk1.8.0_131\jre\bin\java.dll
0x0000000060f20000 - 0x0000000060f36000 	C:\Program Files\Java\jdk1.8.0_131\jre\bin\zip.dll
0x00007fff02730000 - 0x00007fff03b68000 	C:\WINDOWS\System32\SHELL32.dll
0x00007fff04580000 - 0x00007fff04626000 	C:\WINDOWS\System32\shcore.dll
0x00007fff01a30000 - 0x00007fff02177000 	C:\WINDOWS\System32\windows.storage.dll
0x00007fff04a00000 - 0x00007fff04a51000 	C:\WINDOWS\System32\shlwapi.dll
0x00007fff01210000 - 0x00007fff01221000 	C:\WINDOWS\System32\kernel.appcore.dll
0x00007fff01270000 - 0x00007fff012bc000 	C:\WINDOWS\System32\powrprof.dll
0x00007fff01250000 - 0x00007fff0126b000 	C:\WINDOWS\System32\profapi.dll
0x0000000060ed0000 - 0x0000000060edd000 	C:\Program Files\Java\jdk1.8.0_131\jre\bin\management.dll
0x0000000060f00000 - 0x0000000060f1a000 	C:\Program Files\Java\jdk1.8.0_131\jre\bin\net.dll
0x00007fff00aa0000 - 0x00007fff00b06000 	C:\WINDOWS\system32\mswsock.dll
0x0000000060ee0000 - 0x0000000060ef1000 	C:\Program Files\Java\jdk1.8.0_131\jre\bin\nio.dll
0x00007ffef1420000 - 0x00007ffef1436000 	C:\WINDOWS\system32\napinsp.dll
0x00007ffef1400000 - 0x00007ffef141a000 	C:\WINDOWS\system32\pnrpnsp.dll
0x00007ffefde90000 - 0x00007ffefdea8000 	C:\WINDOWS\system32\NLAapi.dll
0x00007fff00870000 - 0x00007fff00926000 	C:\WINDOWS\SYSTEM32\DNSAPI.dll
0x00007fff04e80000 - 0x00007fff04e88000 	C:\WINDOWS\System32\NSI.dll
0x00007fff00830000 - 0x00007fff00869000 	C:\WINDOWS\SYSTEM32\IPHLPAPI.DLL
0x00007ffef13b0000 - 0x00007ffef13be000 	C:\WINDOWS\System32\winrnr.dll
0x00007ffef9d80000 - 0x00007ffef9d8a000 	C:\Windows\System32\rasadhlp.dll
0x00007ffef9db0000 - 0x00007ffef9e20000 	C:\WINDOWS\System32\fwpuclnt.dll
0x00007fff00dc0000 - 0x00007fff00de5000 	C:\WINDOWS\SYSTEM32\bcrypt.dll

VM Arguments:
java_command: C:\Users\Swati\AppData\Local\Temp\surefire5838820299050873151\surefirebooter4349376740835809130.jar C:\Users\Swati\AppData\Local\Temp\surefire5838820299050873151 2019-02-05T02-06-08_135-jvmRun1 surefire5008056049915792588tmp surefire_02991076317340842001tmp
java_class_path (initial): C:\Users\Swati\AppData\Local\Temp\surefire5838820299050873151\surefirebooter4349376740835809130.jar
Launcher Type: SUN_STANDARD

Environment Variables:
JAVA_HOME=C:\Program Files\Java\jdk1.8.0_131
PATH=C:/Program Files/Java/jre1.8.0_141/bin/server;C:/Program Files/Java/jre1.8.0_141/bin;C:/Program Files/Java/jre1.8.0_141/lib/amd64;C:\Program Files (x86)\Microsoft SDKs\Azure\CLI2\wbin;C:\ProgramData\Oracle\Java\javapath;C:\WINDOWS\system32;C:\WINDOWS;C:\WINDOWS\System32\Wbem;C:\WINDOWS\System32\WindowsPowerShell\v1.0\;C:\Program Files\MySQL\MySQL Utilities 1.6\;C:\Program Files\Git\cmd;C:\Program Files (x86)\Brackets\command;C:\Program Files\Microsoft VS Code\bin;C:\Program Files\nodejs\;"C:\Users\Swati\AppData\Local\Microsoft\WindowsApps;C:\Program Files\Java\jdk1.8.0_131\bin;C:\Program Files (x86)\Notepad++";C:\Program Files\Microsoft VS Code\bin;C:\Users\Swati\AppData\Local\Microsoft\WindowsApps;C:\Program Files\Docker Toolbox;C:\Users\Swati\AppData\Roaming\npm;C:\Users\Swati\AppData\Local\GitHubDesktop\bin;C:\Program Files\Docker Toolbox;D:\Softwares\All Study Software\sts-bundle\sts-3.8.4.RELEASE;
USERNAME=Swati
OS=Windows_NT
PROCESSOR_IDENTIFIER=Intel64 Family 6 Model 42 Stepping 7, GenuineIntel



---------------  S Y S T E M  ---------------

OS: Windows 10.0 , 64 bit Build 16299 (10.0.16299.431)

CPU:total 4 (initial active 4) (4 cores per cpu, 1 threads per core) family 6 model 42 stepping 7, cmov, cx8, fxsr, mmx, sse, sse2, sse3, ssse3, sse4.1, sse4.2, popcnt, avx, aes, clmul, tsc, tscinvbit

Memory: 4k page, physical 8365500k(2111352k free), swap 11207328k(5332k free)

vm_info: Java HotSpot(TM) 64-Bit Server VM (25.131-b11) for windows-amd64 JRE (1.8.0_131-b11), built on Mar 15 2017 01:23:53 by "java_re" with MS VC++ 10.0 (VS2010)

time: Tue Feb 05 02:06:11 2019
elapsed time: 2 seconds (0d 0h 0m 2s)

